Build started 1/15/2016 8:13:20 PM.
     1>Project "E:\git\vcfcompare\concurrent\concurrent\concurrent.vcxproj" on node 2 (Build target(s)).
     1>ClCompile:
         C:\Program Files (x86)\Microsoft Visual Studio 14.0\VC\bin\CL.exe /c /ZI /nologo /W3 /WX- /Od /Oy- /D WIN32 /D _DEBUG /D _CONSOLE /D _UNICODE /D UNICODE /Gm /EHsc /RTC1 /MDd /GS /fp:precise /Zc:wchar_t /Zc:forScope /Zc:inline /Fo"Debug\\" /Fd"Debug\vc140.pdb" /Gd /TP /analyze- /errorReport:prompt concurrent.cpp vcf.cpp
         vcf.cpp
     1>e:\git\vcfcompare\concurrent\concurrent\util.h(58): warning C4996: 'localtime': This function or variable may be unsafe. Consider using localtime_s instead. To disable deprecation, use _CRT_SECURE_NO_WARNINGS. See online help for details.
         c:\program files (x86)\windows kits\10\include\10.0.10150.0\ucrt\time.h(505): note: see declaration of 'localtime'
         concurrent.cpp
     1>e:\git\vcfcompare\concurrent\concurrent\util.h(58): warning C4996: 'localtime': This function or variable may be unsafe. Consider using localtime_s instead. To disable deprecation, use _CRT_SECURE_NO_WARNINGS. See online help for details.
         c:\program files (x86)\windows kits\10\include\10.0.10150.0\ucrt\time.h(505): note: see declaration of 'localtime'
         Generating Code...
       Link:
         C:\Program Files (x86)\Microsoft Visual Studio 14.0\VC\bin\link.exe /ERRORREPORT:PROMPT /OUT:"E:\git\vcfcompare\concurrent\Debug\concurrent.exe" /INCREMENTAL /NOLOGO kernel32.lib user32.lib gdi32.lib winspool.lib comdlg32.lib advapi32.lib shell32.lib ole32.lib oleaut32.lib uuid.lib odbc32.lib odbccp32.lib /MANIFEST /MANIFESTUAC:"level='asInvoker' uiAccess='false'" /manifest:embed /Debug /PDB:"E:\git\vcfcompare\concurrent\Debug\concurrent.pdb" /SUBSYSTEM:CONSOLE /TLBID:1 /DYNAMICBASE /NXCOMPAT /IMPLIB:"E:\git\vcfcompare\concurrent\Debug\concurrent.lib" /MACHINE:X86 Debug\concurrent.obj
         Debug\stdafx.obj
         Debug\vcf.obj
     1>vcf.obj : error LNK2005: "void __cdecl show_time(void)" (?show_time@@YAXXZ) already defined in concurrent.obj
     1>vcf.obj : error LNK2005: "class std::vector<class std::basic_string<char,struct std::char_traits<char>,class std::allocator<char> >,class std::allocator<class std::basic_string<char,struct std::char_traits<char>,class std::allocator<char> > > > __cdecl split(class std::basic_string<char,struct std::char_traits<char>,class std::allocator<char> > const &,char)" (?split@@YA?AV?$vector@V?$basic_string@DU?$char_traits@D@std@@V?$allocator@D@2@@std@@V?$allocator@V?$basic_string@DU?$char_traits@D@std@@V?$allocator@D@2@@std@@@2@@std@@ABV?$basic_string@DU?$char_traits@D@std@@V?$allocator@D@2@@2@D@Z) already defined in concurrent.obj
     1>vcf.obj : error LNK2005: "class std::vector<class std::basic_string<char,struct std::char_traits<char>,class std::allocator<char> >,class std::allocator<class std::basic_string<char,struct std::char_traits<char>,class std::allocator<char> > > > & __cdecl split(class std::basic_string<char,struct std::char_traits<char>,class std::allocator<char> > const &,char,class std::vector<class std::basic_string<char,struct std::char_traits<char>,class std::allocator<char> >,class std::allocator<class std::basic_string<char,struct std::char_traits<char>,class std::allocator<char> > > > &)" (?split@@YAAAV?$vector@V?$basic_string@DU?$char_traits@D@std@@V?$allocator@D@2@@std@@V?$allocator@V?$basic_string@DU?$char_traits@D@std@@V?$allocator@D@2@@std@@@2@@std@@ABV?$basic_string@DU?$char_traits@D@std@@V?$allocator@D@2@@2@DAAV12@@Z) already defined in concurrent.obj
     1>E:\git\vcfcompare\concurrent\Debug\concurrent.exe : fatal error LNK1169: one or more multiply defined symbols found
     1>Done Building Project "E:\git\vcfcompare\concurrent\concurrent\concurrent.vcxproj" (Build target(s)) -- FAILED.

Build FAILED.

Time Elapsed 00:00:02.90
